<?xml version="1.0" encoding="UTF-8"?>
<testsuite name="io.beansnapper.flow.dsl.BuilderTest" tests="1" skipped="0" failures="0" errors="0" timestamp="2020-12-14T18:50:55" hostname="piggyback" time="0.021">
  <properties/>
  <testcase name="straightBuilder" classname="io.beansnapper.flow.dsl.BuilderTest" time="0.021"/>
  <system-out><![CDATA[]]></system-out>
  <system-err><![CDATA[]]></system-err>
</testsuite>
